TN:
SF:src/config/env.ts
FN:5,required
FN:18,(anonymous_2)
FNF:2
FNH:2
FNDA:2,required
FNDA:3,(anonymous_2)
DA:1,13
DA:3,13
DA:6,2
DA:7,2
DA:8,1
DA:10,13
DA:12,13
DA:18,3
LF:8
LH:8
BRDA:7,0,0,1
BRDA:13,1,0,10
BRDA:13,1,1,3
BRDA:14,2,0,13
BRDA:14,2,1,5
BRDA:16,3,0,4
BRDA:16,3,1,9
BRDA:17,4,0,2
BRDA:17,4,1,11
BRF:9
BRH:9
end_of_record
TN:
SF:src/controllers/authController.ts
FN:8,(anonymous_1)
FN:69,(anonymous_2)
FN:135,(anonymous_3)
FNF:3
FNH:2
FNDA:5,(anonymous_1)
FNDA:5,(anonymous_2)
FNDA:0,(anonymous_3)
DA:2,3
DA:3,3
DA:4,3
DA:5,3
DA:6,3
DA:8,3
DA:9,5
DA:10,5
DA:11,5
DA:13,5
DA:14,1
DA:15,1
DA:18,4
DA:19,1
DA:20,1
DA:23,3
DA:25,3
DA:33,2
DA:34,1
DA:35,1
DA:38,1
DA:39,1
DA:41,1
DA:52,1
DA:64,1
DA:65,1
DA:69,3
DA:70,5
DA:71,5
DA:73,5
DA:74,1
DA:75,1
DA:78,4
DA:80,4
DA:86,4
DA:87,1
DA:88,1
DA:91,3
DA:92,3
DA:93,1
DA:94,1
DA:97,2
DA:98,2
DA:99,1
DA:100,1
DA:101,1
DA:104,1
DA:117,1
DA:124,1
DA:130,0
DA:131,0
DA:135,3
DA:136,0
DA:142,0
LF:54
LH:50
BRDA:13,0,0,1
BRDA:13,1,0,5
BRDA:13,1,1,4
BRDA:13,1,2,4
BRDA:13,1,3,4
BRDA:18,2,0,1
BRDA:23,3,0,3
BRDA:23,3,1,3
BRDA:33,4,0,1
BRDA:39,5,0,0
BRDA:39,5,1,1
BRDA:73,6,0,1
BRDA:73,7,0,5
BRDA:73,7,1,4
BRDA:81,8,0,4
BRDA:81,8,1,0
BRDA:86,9,0,1
BRDA:92,10,0,1
BRDA:98,11,0,1
BRF:19
BRH:17
end_of_record
TN:
SF:src/controllers/getUserController.ts
FN:4,(anonymous_0)
FN:31,(anonymous_1)
FNF:2
FNH:2
FNDA:4,(anonymous_0)
FNDA:3,(anonymous_1)
DA:2,3
DA:4,3
DA:5,4
DA:6,4
DA:21,2
DA:26,2
DA:27,2
DA:31,3
DA:32,3
DA:33,3
DA:34,3
DA:47,2
DA:48,1
DA:49,1
DA:52,1
DA:57,1
DA:58,1
LF:17
LH:17
BRDA:47,0,0,1
BRF:1
BRH:1
end_of_record
