{"/Users/wasuchailangka/Desktop/Work/L_ReactTypescript/app_authen/server/src/config/env.ts": {"path":"/Users/wasuchailangka/Desktop/Work/L_ReactTypescript/app_authen/server/src/config/env.ts","statementMap":{"0":{"start":{"line":10,"column":9},"end":{"line":10,"column":17}},"1":{"start":{"line":1,"column":0},"end":{"line":1,"column":28}},"2":{"start":{"line":3,"column":0},"end":{"line":3,"column":16}},"3":{"start":{"line":6,"column":16},"end":{"line":6,"column":33}},"4":{"start":{"line":7,"column":2},"end":{"line":7,"column":80}},"5":{"start":{"line":7,"column":14},"end":{"line":7,"column":80}},"6":{"start":{"line":8,"column":2},"end":{"line":8,"column":15}},"7":{"start":{"line":12,"column":13},"end":{"line":21,"column":2}},"8":{"start":{"line":18,"column":55},"end":{"line":18,"column":66}}},"fnMap":{"0":{"name":"required","decl":{"start":{"line":5,"column":9},"end":{"line":5,"column":17}},"loc":{"start":{"line":5,"column":30},"end":{"line":9,"column":1}}},"1":{"name":"(anonymous_2)","decl":{"start":{"line":18,"column":45},"end":{"line":18,"column":46}},"loc":{"start":{"line":18,"column":55},"end":{"line":18,"column":66}}}},"branchMap":{"0":{"loc":{"start":{"line":7,"column":2},"end":{"line":7,"column":80}},"type":"if","locations":[{"start":{"line":7,"column":2},"end":{"line":7,"column":80}}]},"1":{"loc":{"start":{"line":13,"column":8},"end":{"line":13,"column":58}},"type":"cond-expr","locations":[{"start":{"line":13,"column":27},"end":{"line":13,"column":51}},{"start":{"line":13,"column":54},"end":{"line":13,"column":58}}]},"2":{"loc":{"start":{"line":14,"column":14},"end":{"line":14,"column":56}},"type":"binary-expr","locations":[{"start":{"line":14,"column":14},"end":{"line":14,"column":36}},{"start":{"line":14,"column":40},"end":{"line":14,"column":56}}]},"3":{"loc":{"start":{"line":16,"column":15},"end":{"line":16,"column":77}},"type":"cond-expr","locations":[{"start":{"line":16,"column":41},"end":{"line":16,"column":72}},{"start":{"line":16,"column":75},"end":{"line":16,"column":77}}]},"4":{"loc":{"start":{"line":17,"column":15},"end":{"line":19,"column":31}},"type":"cond-expr","locations":[{"start":{"line":18,"column":6},"end":{"line":18,"column":67}},{"start":{"line":19,"column":6},"end":{"line":19,"column":31}}]}},"s":{"0":13,"1":13,"2":13,"3":2,"4":2,"5":1,"6":1,"7":13,"8":3},"f":{"0":2,"1":3},"b":{"0":[1],"1":[10,3],"2":[13,5],"3":[4,9],"4":[2,11]}}
,"/Users/wasuchailangka/Desktop/Work/L_ReactTypescript/app_authen/server/src/controllers/authController.ts": {"path":"/Users/wasuchailangka/Desktop/Work/L_ReactTypescript/app_authen/server/src/controllers/authController.ts","statementMap":{"0":{"start":{"line":2,"column":0},"end":{"line":2,"column":28}},"1":{"start":{"line":3,"column":0},"end":{"line":3,"column":34}},"2":{"start":{"line":4,"column":0},"end":{"line":4,"column":35}},"3":{"start":{"line":5,"column":0},"end":{"line":5,"column":36}},"4":{"start":{"line":6,"column":0},"end":{"line":6,"column":31}},"5":{"start":{"line":8,"column":24},"end":{"line":67,"column":1}},"6":{"start":{"line":9,"column":4},"end":{"line":66,"column":5}},"7":{"start":{"line":10,"column":71},"end":{"line":10,"column":79}},"8":{"start":{"line":11,"column":21},"end":{"line":11,"column":36}},"9":{"start":{"line":13,"column":8},"end":{"line":16,"column":9}},"10":{"start":{"line":14,"column":12},"end":{"line":14,"column":84}},"11":{"start":{"line":15,"column":12},"end":{"line":15,"column":19}},"12":{"start":{"line":18,"column":8},"end":{"line":21,"column":9}},"13":{"start":{"line":19,"column":12},"end":{"line":19,"column":70}},"14":{"start":{"line":20,"column":12},"end":{"line":20,"column":19}},"15":{"start":{"line":23,"column":8},"end":{"line":23,"column":41}},"16":{"start":{"line":25,"column":29},"end":{"line":32,"column":10}},"17":{"start":{"line":33,"column":8},"end":{"line":36,"column":9}},"18":{"start":{"line":34,"column":12},"end":{"line":34,"column":82}},"19":{"start":{"line":35,"column":12},"end":{"line":35,"column":19}},"20":{"start":{"line":38,"column":29},"end":{"line":38,"column":62}},"21":{"start":{"line":39,"column":26},"end":{"line":39,"column":61}},"22":{"start":{"line":41,"column":24},"end":{"line":50,"column":10}},"23":{"start":{"line":52,"column":8},"end":{"line":62,"column":null}},"24":{"start":{"line":64,"column":8},"end":{"line":64,"column":53}},"25":{"start":{"line":65,"column":8},"end":{"line":65,"column":67}},"26":{"start":{"line":8,"column":13},"end":{"line":8,"column":24}},"27":{"start":{"line":69,"column":21},"end":{"line":133,"column":1}},"28":{"start":{"line":70,"column":4},"end":{"line":132,"column":5}},"29":{"start":{"line":71,"column":41},"end":{"line":71,"column":49}},"30":{"start":{"line":73,"column":8},"end":{"line":76,"column":9}},"31":{"start":{"line":74,"column":12},"end":{"line":74,"column":95}},"32":{"start":{"line":75,"column":12},"end":{"line":75,"column":19}},"33":{"start":{"line":78,"column":24},"end":{"line":78,"column":53}},"34":{"start":{"line":80,"column":21},"end":{"line":84,"column":10}},"35":{"start":{"line":86,"column":8},"end":{"line":89,"column":9}},"36":{"start":{"line":87,"column":12},"end":{"line":87,"column":84}},"37":{"start":{"line":88,"column":12},"end":{"line":88,"column":19}},"38":{"start":{"line":91,"column":32},"end":{"line":91,"column":77}},"39":{"start":{"line":92,"column":8},"end":{"line":95,"column":9}},"40":{"start":{"line":93,"column":12},"end":{"line":93,"column":84}},"41":{"start":{"line":94,"column":12},"end":{"line":94,"column":19}},"42":{"start":{"line":97,"column":23},"end":{"line":97,"column":37}},"43":{"start":{"line":98,"column":8},"end":{"line":102,"column":9}},"44":{"start":{"line":99,"column":12},"end":{"line":99,"column":55}},"45":{"start":{"line":100,"column":12},"end":{"line":100,"column":76}},"46":{"start":{"line":101,"column":12},"end":{"line":101,"column":19}},"47":{"start":{"line":104,"column":22},"end":{"line":114,"column":null}},"48":{"start":{"line":117,"column":8},"end":{"line":122,"column":11}},"49":{"start":{"line":124,"column":8},"end":{"line":127,"column":null}},"50":{"start":{"line":130,"column":8},"end":{"line":130,"column":46}},"51":{"start":{"line":131,"column":8},"end":{"line":131,"column":67}},"52":{"start":{"line":69,"column":13},"end":{"line":69,"column":21}},"53":{"start":{"line":135,"column":22},"end":{"line":143,"column":1}},"54":{"start":{"line":136,"column":4},"end":{"line":140,"column":7}},"55":{"start":{"line":142,"column":4},"end":{"line":142,"column":62}},"56":{"start":{"line":135,"column":13},"end":{"line":135,"column":22}}},"fnMap":{"0":{"name":"(anonymous_1)","decl":{"start":{"line":8,"column":24},"end":{"line":8,"column":29}},"loc":{"start":{"line":8,"column":77},"end":{"line":67,"column":1}}},"1":{"name":"(anonymous_2)","decl":{"start":{"line":69,"column":21},"end":{"line":69,"column":26}},"loc":{"start":{"line":69,"column":74},"end":{"line":133,"column":1}}},"2":{"name":"(anonymous_3)","decl":{"start":{"line":135,"column":22},"end":{"line":135,"column":27}},"loc":{"start":{"line":135,"column":76},"end":{"line":143,"column":1}}}},"branchMap":{"0":{"loc":{"start":{"line":13,"column":8},"end":{"line":16,"column":9}},"type":"if","locations":[{"start":{"line":13,"column":8},"end":{"line":16,"column":9}}]},"1":{"loc":{"start":{"line":13,"column":12},"end":{"line":13,"column":58}},"type":"binary-expr","locations":[{"start":{"line":13,"column":12},"end":{"line":13,"column":22}},{"start":{"line":13,"column":26},"end":{"line":13,"column":35}},{"start":{"line":13,"column":39},"end":{"line":13,"column":45}},{"start":{"line":13,"column":49},"end":{"line":13,"column":58}}]},"2":{"loc":{"start":{"line":18,"column":8},"end":{"line":21,"column":9}},"type":"if","locations":[{"start":{"line":18,"column":8},"end":{"line":21,"column":9}}]},"3":{"loc":{"start":{"line":23,"column":8},"end":{"line":23,"column":41}},"type":"binary-expr","locations":[{"start":{"line":23,"column":8},"end":{"line":23,"column":16}},{"start":{"line":23,"column":8},"end":{"line":23,"column":40}}]},"4":{"loc":{"start":{"line":33,"column":8},"end":{"line":36,"column":9}},"type":"if","locations":[{"start":{"line":33,"column":8},"end":{"line":36,"column":9}}]},"5":{"loc":{"start":{"line":39,"column":26},"end":{"line":39,"column":61}},"type":"cond-expr","locations":[{"start":{"line":39,"column":45},"end":{"line":39,"column":52}},{"start":{"line":39,"column":55},"end":{"line":39,"column":61}}]},"6":{"loc":{"start":{"line":73,"column":8},"end":{"line":76,"column":9}},"type":"if","locations":[{"start":{"line":73,"column":8},"end":{"line":76,"column":9}}]},"7":{"loc":{"start":{"line":73,"column":12},"end":{"line":73,"column":36}},"type":"binary-expr","locations":[{"start":{"line":73,"column":12},"end":{"line":73,"column":23}},{"start":{"line":73,"column":27},"end":{"line":73,"column":36}}]},"8":{"loc":{"start":{"line":81,"column":18},"end":{"line":83,"column":38}},"type":"cond-expr","locations":[{"start":{"line":82,"column":14},"end":{"line":82,"column":35}},{"start":{"line":83,"column":14},"end":{"line":83,"column":38}}]},"9":{"loc":{"start":{"line":86,"column":8},"end":{"line":89,"column":9}},"type":"if","locations":[{"start":{"line":86,"column":8},"end":{"line":89,"column":9}}]},"10":{"loc":{"start":{"line":92,"column":8},"end":{"line":95,"column":9}},"type":"if","locations":[{"start":{"line":92,"column":8},"end":{"line":95,"column":9}}]},"11":{"loc":{"start":{"line":98,"column":8},"end":{"line":102,"column":9}},"type":"if","locations":[{"start":{"line":98,"column":8},"end":{"line":102,"column":9}}]}},"s":{"0":3,"1":3,"2":3,"3":3,"4":3,"5":3,"6":5,"7":5,"8":5,"9":5,"10":1,"11":1,"12":4,"13":1,"14":1,"15":3,"16":3,"17":2,"18":1,"19":1,"20":1,"21":1,"22":1,"23":1,"24":1,"25":1,"26":3,"27":3,"28":5,"29":5,"30":5,"31":1,"32":1,"33":4,"34":4,"35":4,"36":1,"37":1,"38":3,"39":3,"40":1,"41":1,"42":2,"43":2,"44":1,"45":1,"46":1,"47":1,"48":1,"49":1,"50":0,"51":0,"52":3,"53":3,"54":0,"55":0,"56":3},"f":{"0":5,"1":5,"2":0},"b":{"0":[1],"1":[5,4,4,4],"2":[1],"3":[3,3],"4":[1],"5":[0,1],"6":[1],"7":[5,4],"8":[4,0],"9":[1],"10":[1],"11":[1]}}
,"/Users/wasuchailangka/Desktop/Work/L_ReactTypescript/app_authen/server/src/controllers/getUserController.ts": {"path":"/Users/wasuchailangka/Desktop/Work/L_ReactTypescript/app_authen/server/src/controllers/getUserController.ts","statementMap":{"0":{"start":{"line":2,"column":0},"end":{"line":2,"column":35}},"1":{"start":{"line":4,"column":23},"end":{"line":29,"column":1}},"2":{"start":{"line":5,"column":4},"end":{"line":28,"column":5}},"3":{"start":{"line":6,"column":22},"end":{"line":19,"column":10}},"4":{"start":{"line":21,"column":8},"end":{"line":24,"column":null}},"5":{"start":{"line":26,"column":8},"end":{"line":26,"column":49}},"6":{"start":{"line":27,"column":8},"end":{"line":27,"column":67}},"7":{"start":{"line":4,"column":13},"end":{"line":4,"column":23}},"8":{"start":{"line":31,"column":26},"end":{"line":60,"column":1}},"9":{"start":{"line":32,"column":19},"end":{"line":32,"column":29}},"10":{"start":{"line":33,"column":4},"end":{"line":59,"column":5}},"11":{"start":{"line":34,"column":21},"end":{"line":45,"column":10}},"12":{"start":{"line":47,"column":8},"end":{"line":50,"column":9}},"13":{"start":{"line":48,"column":12},"end":{"line":48,"column":64}},"14":{"start":{"line":49,"column":12},"end":{"line":49,"column":19}},"15":{"start":{"line":52,"column":8},"end":{"line":55,"column":null}},"16":{"start":{"line":57,"column":8},"end":{"line":57,"column":51}},"17":{"start":{"line":58,"column":8},"end":{"line":58,"column":67}},"18":{"start":{"line":31,"column":13},"end":{"line":31,"column":26}}},"fnMap":{"0":{"name":"(anonymous_0)","decl":{"start":{"line":4,"column":23},"end":{"line":4,"column":28}},"loc":{"start":{"line":4,"column":77},"end":{"line":29,"column":1}}},"1":{"name":"(anonymous_1)","decl":{"start":{"line":31,"column":26},"end":{"line":31,"column":31}},"loc":{"start":{"line":31,"column":79},"end":{"line":60,"column":1}}}},"branchMap":{"0":{"loc":{"start":{"line":47,"column":8},"end":{"line":50,"column":9}},"type":"if","locations":[{"start":{"line":47,"column":8},"end":{"line":50,"column":9}}]}},"s":{"0":3,"1":3,"2":4,"3":4,"4":2,"5":2,"6":2,"7":3,"8":3,"9":3,"10":3,"11":3,"12":2,"13":1,"14":1,"15":1,"16":1,"17":1,"18":3},"f":{"0":4,"1":3},"b":{"0":[1]}}
}
